<?xml version="1.0" encoding="UTF-8"?>
<!-- Generated by org.testng.reporters.JUnitXMLReporter -->
<testsuite hostname="IX8J8MHL3" ignored="0" name="Test" tests="8" failures="0" timestamp="2022-06-02T13:39:01 IST" time="11.802" errors="0">
  <testcase name="TC1_PostMethod_ValidCredentials" time="2.704" classname="RestAssuredApiTesting.PostApiRequest"/>
  <testcase name="TC2_PostMethod_EmptyEmail" time="1.649" classname="RestAssuredApiTesting.PostApiRequest"/>
  <testcase name="TC3_PostMethod_EmptyPassword" time="1.117" classname="RestAssuredApiTesting.PostApiRequest"/>
  <testcase name="TC4_PostMethod_EmptyPayload" time="1.692" classname="RestAssuredApiTesting.PostApiRequest"/>
  <testcase name="TC1_GetMethodRequests" time="1.59" classname="RestAssuredApiTesting.GetApiRequest"/>
  <testcase name="TC1_PutRequest_ExistingRequest" time="0.966" classname="RestAssuredApiTesting.PutApiRequest"/>
  <testcase name="TC2_PutRequest_ModifiedRequest" time="1.049" classname="RestAssuredApiTesting.PutApiRequest"/>
  <testcase name="TC3_PutRequest_NewRequest" time="0.995" classname="RestAssuredApiTesting.PutApiRequest"/>
</testsuite> <!-- Test -->
